
ROM used:   1043/8192 (13%)
            1043/8192 (13%) including unused fragments

            0.4 Average locations per line
            1.8 Average locations per statement

RAM used:   65/368 (18%) at main() level
            85/368 (23%) worst case

Stack used: 4 worst case (3 in main + 1 for interrupts)
Stack size: 8

Lines Stmts  %   Files
----- ----- ---  -----
   84    33   6  main.c
  671     0   0  16F877a.h
 1351   359  62  stdlib.h
   32     0   0  stddef.h
  423   125  22  string.h
   28     0   0  ctype.h
  236    64  11  DS1307.c
----- -----
 2825   581 Total

Page ROM  %  RAM   Vol Diff  Functions:
---- --- --- ---   --- ----  ----------
0     20   2    1             @delay_ms1
0     37   4    2             @MUL88
0    219  21    9  1815 10.5  atoi
0     92   9    1             @I2C_WRITE_1
 Inline         0    86  1.3  DS1307_init
0     72   7    2   102  1.8  DS1307_write
 Inline         0   238  2.7  DS1307_SQWOUT
0     42   4    4   157  5.2  get_bcd
 Inline         3             @DIV88
 Inline         7   595  2.1  DS1307_SetDatetime
0     33   3    0    48  1.1  InitializeComponents
 Inline         0    57  1.9  ClearBuffer
 Inline         0             @MEMSET
0     44   4   10   220  6.3  CopyMemory
0    220  21    6   823  2.4  SetRtc
0     37   4    0    78  1.8  MAIN
0     32   3    0             @const978
0     90   9    4             @PSTRINGC7_9600_62_63
0     24   2    2   120  3.8  IsrRda
 Inline         0             @cinit1

Program metrics:
    Functions               12
    Statements              581
    Comments                983
    Volume (V)              6546
    Difficulty (D)          41.4
    Effort to implement (E) 271280
    Time to implement (T)   4 hours, 11 minutes
    Est Delivered Bugs (B)  1
    Cyclomatic Complexity   12
    Maintainability (MI)    125

 Segment     Used  Free
-----------  ----  ----
00000-00003     4  0  
00004-00050    77  0  
00051-007FF   962  1005  
00800-00FFF     0  2048  
01000-017FF     0  2048  
01800-01FFF     0  2048  



